<?xml version="1.0" encoding="UTF-8"?>
<!-- Generated by org.testng.reporters.JUnitXMLReporter -->
<testsuite ignored="0" hostname="DESKTOP-OP7I3MO" failures="0" tests="4" name="Default test" time="4.224" errors="0" timestamp="2021-12-12T14:14:18 AST">
  <testcase classname="Test.validateResponse" name="Create_user" time="2.464"/>
  <testcase classname="Test.validateResponse" name="delete_user" time="0.704"/>
  <testcase classname="Test.validateResponse" name="update_user" time="0.509"/>
  <testcase classname="Test.validateResponse" name="validate_Response" time="0.505"/>
</testsuite> <!-- Default test -->
