<?xml version="1.0" encoding="UTF-8"?>
<testng-results ignored="0" total="4" passed="4" failed="0" skipped="0">
  <reporter-output>
  </reporter-output>
  <suite started-at="2021-12-12T14:14:14 AST" name="Default suite" finished-at="2021-12-12T14:14:18 AST" duration-ms="4224">
    <groups>
    </groups>
    <test started-at="2021-12-12T14:14:14 AST" name="Default test" finished-at="2021-12-12T14:14:18 AST" duration-ms="4224">
      <class name="Test.validateResponse">
        <test-method signature="Create_user()[pri:0, instance:Test.validateResponse@75f65e45]" started-at="2021-12-12T14:14:14 AST" name="Create_user" finished-at="2021-12-12T14:14:16 AST" duration-ms="2464" status="PASS">
          <reporter-output>
          </reporter-output>
        </test-method> <!-- Create_user -->
        <test-method signature="delete_user()[pri:0, instance:Test.validateResponse@75f65e45]" started-at="2021-12-12T14:14:16 AST" name="delete_user" finished-at="2021-12-12T14:14:17 AST" duration-ms="704" status="PASS">
          <reporter-output>
          </reporter-output>
        </test-method> <!-- delete_user -->
        <test-method signature="update_user()[pri:0, instance:Test.validateResponse@75f65e45]" started-at="2021-12-12T14:14:17 AST" name="update_user" finished-at="2021-12-12T14:14:18 AST" duration-ms="509" status="PASS">
          <reporter-output>
          </reporter-output>
        </test-method> <!-- update_user -->
        <test-method signature="validate_Response()[pri:0, instance:Test.validateResponse@75f65e45]" started-at="2021-12-12T14:14:18 AST" name="validate_Response" finished-at="2021-12-12T14:14:18 AST" duration-ms="505" status="PASS">
          <reporter-output>
          </reporter-output>
        </test-method> <!-- validate_Response -->
      </class> <!-- Test.validateResponse -->
    </test> <!-- Default test -->
  </suite> <!-- Default suite -->
</testng-results>
